<?xml version="1.0" encoding="UTF-8"?>
<testng-results skipped="0" failed="0" ignored="0" total="1" passed="1">
  <reporter-output>
  </reporter-output>
  <suite name="Default suite" duration-ms="10910" started-at="2019-12-07T02:44:50Z" finished-at="2019-12-07T02:45:01Z">
    <groups>
    </groups>
    <test name="Default test" duration-ms="10910" started-at="2019-12-07T02:44:50Z" finished-at="2019-12-07T02:45:01Z">
      <class name="Driver">
        <test-method status="PASS" signature="initialize_driver()[pri:0, instance:Driver@6e06451e]" name="initialize_driver" is-config="true" duration-ms="10302" started-at="2019-12-07T08:14:50Z" finished-at="2019-12-07T08:15:00Z">
          <reporter-output>
          </reporter-output>
        </test-method> <!-- initialize_driver -->
        <test-method status="PASS" signature="skipLogin()[pri:0, instance:Driver@6e06451e]" name="skipLogin" duration-ms="590" started-at="2019-12-07T08:15:00Z" finished-at="2019-12-07T08:15:01Z">
          <reporter-output>
          </reporter-output>
        </test-method> <!-- skipLogin -->
      </class> <!-- Driver -->
    </test> <!-- Default test -->
  </suite> <!-- Default suite -->
</testng-results>
